[0.007s] Invoking command in '/home/filip/putm/putm_ws/src/putm_controller/build/putm_controller': CMAKE_PREFIX_PATH=/opt/ros/humble /usr/bin/cmake /home/filip/putm/putm_ws/src/putm_controller -DCMAKE_INSTALL_PREFIX=/home/filip/putm/putm_ws/src/putm_controller/install/putm_controller
[0.098s] -- The C compiler identification is GNU 11.4.0
[0.185s] -- The CXX compiler identification is GNU 11.4.0
[0.192s] -- Detecting C compiler ABI info
[0.277s] -- Detecting C compiler ABI info - done
[0.284s] -- Check for working C compiler: /usr/bin/cc - skipped
[0.284s] -- Detecting C compile features
[0.285s] -- Detecting C compile features - done
[0.288s] -- Detecting CXX compiler ABI info
[0.374s] -- Detecting CXX compiler ABI info - done
[0.380s] -- Check for working CXX compiler: /usr/bin/c++ - skipped
[0.381s] -- Detecting CXX compile features
[0.381s] -- Detecting CXX compile features - done
[0.382s] -- Found ament_cmake: 1.3.10 (/opt/ros/humble/share/ament_cmake/cmake)
[0.516s] -- Found Python3: /usr/bin/python3 (found version "3.10.12") found components: Interpreter 
[0.575s] -- Found rclcpp: 16.0.10 (/opt/ros/humble/share/rclcpp/cmake)
[0.605s] -- Found rosidl_generator_c: 3.1.5 (/opt/ros/humble/share/rosidl_generator_c/cmake)
[0.608s] -- Found rosidl_adapter: 3.1.5 (/opt/ros/humble/share/rosidl_adapter/cmake)
[0.613s] -- Found rosidl_generator_cpp: 3.1.5 (/opt/ros/humble/share/rosidl_generator_cpp/cmake)
[0.621s] -- Using all available rosidl_typesupport_c: rosidl_typesupport_fastrtps_c;rosidl_typesupport_introspection_c
[0.631s] -- Using all available rosidl_typesupport_cpp: rosidl_typesupport_fastrtps_cpp;rosidl_typesupport_introspection_cpp
[0.657s] -- Found rmw_implementation_cmake: 6.1.2 (/opt/ros/humble/share/rmw_implementation_cmake/cmake)
[0.658s] -- Found rmw_fastrtps_cpp: 6.2.7 (/opt/ros/humble/share/rmw_fastrtps_cpp/cmake)
[0.734s] -- Found OpenSSL: /usr/lib/x86_64-linux-gnu/libcrypto.so (found version "3.0.2")  
[0.766s] -- Found FastRTPS: /opt/ros/humble/include  
[0.796s] -- Using RMW implementation 'rmw_fastrtps_cpp' as default
[0.801s] -- Looking for pthread.h
[0.886s] -- Looking for pthread.h - found
[0.886s] -- Performing Test CMAKE_HAVE_LIBC_PTHREAD
[0.969s] -- Performing Test CMAKE_HAVE_LIBC_PTHREAD - Success
[0.970s] -- Found Threads: TRUE  
[1.009s] [31mCMake Error at CMakeLists.txt:10 (find_package):
[1.009s]   By not providing "Findputm_vcl_interfaces.cmake" in CMAKE_MODULE_PATH this
[1.009s]   project has asked CMake to find a package configuration file provided by
[1.009s]   "putm_vcl_interfaces", but CMake did not find one.
[1.009s] 
[1.009s]   Could not find a package configuration file provided by
[1.009s]   "putm_vcl_interfaces" with any of the following names:
[1.009s] 
[1.009s]     putm_vcl_interfacesConfig.cmake
[1.009s]     putm_vcl_interfaces-config.cmake
[1.009s] 
[1.009s]   Add the installation prefix of "putm_vcl_interfaces" to CMAKE_PREFIX_PATH
[1.009s]   or set "putm_vcl_interfaces_DIR" to a directory containing one of the above
[1.009s]   files.  If "putm_vcl_interfaces" provides a separate development package or
[1.009s]   SDK, be sure it has been installed.
[1.010s] 
[1.010s] [0m
[1.010s] -- Configuring incomplete, errors occurred!
[1.010s] See also "/home/filip/putm/putm_ws/src/putm_controller/build/putm_controller/CMakeFiles/CMakeOutput.log".
[1.015s] Invoked command in '/home/filip/putm/putm_ws/src/putm_controller/build/putm_controller' returned '1': CMAKE_PREFIX_PATH=/opt/ros/humble /usr/bin/cmake /home/filip/putm/putm_ws/src/putm_controller -DCMAKE_INSTALL_PREFIX=/home/filip/putm/putm_ws/src/putm_controller/install/putm_controller
